<?xml version="1.0" encoding="UTF-8"?>
<testng-results skipped="0" failed="0" ignored="0" total="2" passed="2">
  <reporter-output>
  </reporter-output>
  <suite name="Default suite" duration-ms="31270" started-at="2022-06-13T16:06:36 CDT" finished-at="2022-06-13T16:07:07 CDT">
    <groups>
    </groups>
    <test name="Default test" duration-ms="31270" started-at="2022-06-13T16:06:36 CDT" finished-at="2022-06-13T16:07:07 CDT">
      <class name="test.BankAndCashTest">
        <test-method status="PASS" signature="validUserShouldBeAbleToAddAccount()[pri:0, instance:test.BankAndCashTest@66f57048]" name="validUserShouldBeAbleToAddAccount" duration-ms="9866" started-at="2022-06-13T16:06:36 CDT" finished-at="2022-06-13T16:06:46 CDT">
          <reporter-output>
          </reporter-output>
        </test-method> <!-- validUserShouldBeAbleToAddAccount -->
        <test-method status="PASS" signature="validUserShouldBeAbleToAddCustomer()[pri:1, instance:test.BankAndCashTest@66f57048]" name="validUserShouldBeAbleToAddCustomer" duration-ms="21372" started-at="2022-06-13T16:06:46 CDT" finished-at="2022-06-13T16:07:07 CDT">
          <reporter-output>
          </reporter-output>
        </test-method> <!-- validUserShouldBeAbleToAddCustomer -->
      </class> <!-- test.BankAndCashTest -->
    </test> <!-- Default test -->
  </suite> <!-- Default suite -->
</testng-results>
